#
# A fatal error has been detected by the Java Runtime Environment:
#
#  SIGSEGV (0xb) at pc=0x000000011bb222d4, pid=26071, tid=0x0000000000000307
#
# JRE version: Java(TM) SE Runtime Environment (8.0_144-b01) (build 1.8.0_144-b01)
# Java VM: Java HotSpot(TM) 64-Bit Server VM (25.144-b01 mixed mode bsd-amd64 compressed oops)
# Problematic frame:
# C  [libglass.dylib+0x52d4]  -[GlassApplication applicationWillHide:]+0xd4
#
# Failed to write core dump. Core dumps have been disabled. To enable core dumping, try "ulimit -c unlimited" before starting Java again
#
# If you would like to submit a bug report, please visit:
#   http://bugreport.java.com/bugreport/crash.jsp
#

---------------  T H R E A D  ---------------

Current thread is native thread

siginfo: si_signo: 11 (SIGSEGV), si_code: 1 (SEGV_MAPERR), si_addr: 0x0000000000000000

Registers:
RAX=0x00007fc25b21dce0, RBX=0x0000000000000000, RCX=0x0000000000000008, RDX=0x0000000000000000
RSP=0x00007ffeed6be2c0, RBP=0x00007ffeed6be6f0, RSI=0x00007fff3286cba0, RDI=0x00007fc25a000088
R8 =0x0000000000000000, R9 =0x00007fc25b21dce0, R10=0x00007fff8d7241c0, R11=0x00007fc258f0e270
R12=0x00007fff60832a00, R13=0x000000011bb66550, R14=0x00007fc258e273d0, R15=0x00007fc25b21dce0
RIP=0x000000011bb222d4, EFLAGS=0x0000000000010206, ERR=0x0000000000000004
  TRAPNO=0x000000000000000e

Top of Stack: (sp=0x00007ffeed6be2c0)
0x00007ffeed6be2c0:   000000011bb22275 00007fff347923f2
0x00007ffeed6be2d0:   00007fff3479236c 00007fff3479228d
0x00007ffeed6be2e0:   00007fff3479a6d9 00007fff34701e8a
0x00007ffeed6be2f0:   00007fff3470124d 00007fff36a8998b
0x00007ffeed6be300:   00007fff31cc0288 00007fff31cc00f1
0x00007ffeed6be310:   00007fff339c4b79 00007fff339c3eb6
0x00007ffeed6be320:   00007fff339e131d 00007fff31c833aa
0x00007ffeed6be330:   00007fff31c81c56 00007fff31c7bcb9
0x00007ffeed6be340:   000000011fde014d 000000012035bedf
0x00007ffeed6be350:   00007fff36b29abb 00007fff3474b155
0x00007ffeed6be360:   00007fff3474b0fb 00007fff3472eb95
0x00007ffeed6be370:   00007fff3472e13e 00007fff3472da28
0x00007ffeed6be380:   0000000102543465 000000010253f18c
0x00007ffeed6be390:   00000001025454c2 000000010253e9e4
0x00007ffeed6be3a0:   00007ffeed6be550 00000001030ee7b0
0x00007ffeed6be3b0:   00007fc25a000068 00007fc25a000010
0x00007ffeed6be3c0:   0000000000000000 0000000000000000
0x00007ffeed6be3d0:   0000000000000000 0000000000000000
0x00007ffeed6be3e0:   0000000000000000 0000000000000000
0x00007ffeed6be3f0:   0000000000000000 0000000000000000
0x00007ffeed6be400:   0000000000000000 0000000000000000
0x00007ffeed6be410:   0000000000000000 0000000000000000
0x00007ffeed6be420:   0000000000000000 0000000000000000
0x00007ffeed6be430:   0000000000000000 0000000000000000
0x00007ffeed6be440:   00007fff94514fc8 ffff803da70bb660
0x00007ffeed6be450:   0000000000000001 00007fc258f449a0
0x00007ffeed6be460:   00007ffeed6be4b0 00007fff6083ad45
0x00007ffeed6be470:   ffff803da70bb660 00007fc2599995b0
0x00007ffeed6be480:   00007fc25a000070 00007fc25a000010
0x00007ffeed6be490:   a3a3a3a3a3a3a3a3 0000000000000002
0x00007ffeed6be4a0:   00007fc25a000068 00007fc25a000000
0x00007ffeed6be4b0:   00007ffeed6be900 00007fff60835c9a 

Instructions: (pc=0x000000011bb222d4)
0x000000011bb222b4:   8b 35 16 f3 03 00 4c 8b 25 bf 7e 03 00 41 ff d4
0x000000011bb222c4:   48 8b 35 b5 f2 03 00 48 89 c7 41 ff d4 49 89 c7
0x000000011bb222d4:   48 8b 03 4c 8b a8 e8 01 00 00 48 8b 05 f3 0f 04
0x000000011bb222e4:   00 4d 8b 34 06 48 8b 3d 08 05 04 00 48 8b 35 11 

Register to memory mapping:

RAX=0x00007fc25b21dce0 is an unknown value
RBX=0x0000000000000000 is an unknown value
RCX=0x0000000000000008 is an unknown value
RDX=0x0000000000000000 is an unknown value
RSP=0x00007ffeed6be2c0 is an unknown value
RBP=0x00007ffeed6be6f0 is an unknown value
RSI=0x00007fff3286cba0: GCC_except_table7+0x44 in /System/Library/Frameworks/AppKit.framework/Versions/C/AppKit at 0x00007fff31c68000
RDI=0x00007fc25a000088 is an unknown value
R8 =0x0000000000000000 is an unknown value
R9 =0x00007fc25b21dce0 is an unknown value
R10=0x00007fff8d7241c0: OBJC_CLASS_$_NSAutoreleasePool+0 in /System/Library/Frameworks/Foundation.framework/Versions/C/Foundation at 0x00007fff36a78000
R11=0x00007fc258f0e270 is an unknown value
R12=0x00007fff60832a00: objc_msgSend+0 in /usr/lib/libobjc.A.dylib at 0x00007fff6082b000
R13=0x000000011bb66550: jEnv+0 in /Library/Java/JavaVirtualMachines/jdk1.8.0_144.jdk/Contents/Home/jre/lib/libglass.dylib at 0x000000011bb1d000
R14=0x00007fc258e273d0 is an unknown value
R15=0x00007fc25b21dce0 is an unknown value


Stack: [0x00007ffeecec3000,0x00007ffeed6c3000],  sp=0x00007ffeed6be2c0,  free space=8172k
Native frames: (J=compiled Java code, j=interpreted, Vv=VM code, C=native code)
C  [libglass.dylib+0x52d4]  -[GlassApplication applicationWillHide:]+0xd4
C  [CoreFoundation+0x9f3f2]  __CFNOTIFICATIONCENTER_IS_CALLING_OUT_TO_AN_OBSERVER__+0xc
C  [CoreFoundation+0x9f36c]  ___CFXRegistrationPost_block_invoke+0x3f
C  [CoreFoundation+0x9f28d]  _CFXRegistrationPost+0x18e
C  [CoreFoundation+0xa76d9]  ___CFXNotificationPost_block_invoke+0x57
C  [CoreFoundation+0xee8a]  -[_CFXNotificationRegistrar find:object:observer:enumerator:]+0x661
C  [CoreFoundation+0xe24d]  _CFXNotificationPost+0x2e6
C  [Foundation+0x1198b]  -[NSNotificationCenter postNotificationName:object:userInfo:]+0x42
C  [AppKit+0x58288]  -[NSApplication _doHideMaybeFakingIt:]+0x111
C  [AppKit+0x580f1]  _hideShowHandler+0x89
C  [HIToolbox+0x8b79]  DispatchEventToHandlers(EventTargetRec*, OpaqueEventRef*, HandlerCallRec*)+0x5de
C  [HIToolbox+0x7eb6]  SendEventToEventTargetInternal(OpaqueEventRef*, OpaqueEventTargetRef*, HandlerCallRec*)+0x173
C  [HIToolbox+0x2531d]  SendEventToEventTarget+0x27
C  [AppKit+0x1b3aa]  _DPSNextEvent+0x8d8
C  [AppKit+0x19c56]  -[NSApplication(NSEvent) _nextEventMatchingEventMask:untilDate:inMode:dequeue:]+0x552
C  [AppKit+0x13cb9]  -[NSApplication run]+0x2bb
C  [libosxapp.dylib+0x214d]  +[NSApplicationAWT runAWTLoopWithApp:]+0x9c
C  [libawt_lwawt.dylib+0x45edf]  -[AWTStarter starter:]+0x389
C  [Foundation+0xb1abb]  __NSThreadPerformPerform+0x147
C  [CoreFoundation+0x58155]  __CFRUNLOOP_IS_CALLING_OUT_TO_A_SOURCE0_PERFORM_FUNCTION__+0x11
C  [CoreFoundation+0x580fb]  __CFRunLoopDoSource0+0x6c
C  [CoreFoundation+0x3bb95]  __CFRunLoopDoSources0+0xc3
C  [CoreFoundation+0x3b13e]  __CFRunLoopRun+0x4c3
C  [CoreFoundation+0x3aa28]  CFRunLoopRunSpecific+0x1cf
C  [java+0x6465]  CreateExecutionEnvironment+0x367
C  [java+0x218c]  JLI_Launch+0x7a0
C  [java+0x84c2]  main+0x65
C  [java+0x19e4]  start+0x34


---------------  P R O C E S S  ---------------

VM state:not at safepoint (normal execution)

VM Mutex/Monitor currently owned by a thread: None

Heap:
 PSYoungGen      total 38400K, used 20774K [0x0000000795580000, 0x0000000798000000, 0x00000007c0000000)
  eden space 33280K, 62% used [0x0000000795580000,0x00000007969c9890,0x0000000797600000)
  from space 5120K, 0% used [0x0000000797b00000,0x0000000797b00000,0x0000000798000000)
  to   space 5120K, 0% used [0x0000000797600000,0x0000000797600000,0x0000000797b00000)
 ParOldGen       total 87552K, used 8190K [0x0000000740000000, 0x0000000745580000, 0x0000000795580000)
  object space 87552K, 9% used [0x0000000740000000,0x00000007407ffaa8,0x0000000745580000)
 Metaspace       used 19746K, capacity 20618K, committed 20736K, reserved 1067008K
  class space    used 2761K, capacity 2984K, committed 3072K, reserved 1048576K

Card table byte_map: [0x0000000104167000,0x0000000104568000] byte_map_base: 0x0000000100767000

Marking Bits: (ParMarkBitMap*) 0x00000001036f35d0
 Begin Bits: [0x0000000104813000, 0x0000000106813000)
 End Bits:   [0x0000000106813000, 0x0000000108813000)

Polling page: 0x00000001025ab000

CodeCache: size=245760Kb used=7333Kb max_used=7598Kb free=238426Kb
 bounds [0x000000010c471000, 0x000000010cbe1000, 0x000000011b471000]
 total_blobs=3163 nmethods=2482 adapters=593
 compilation: enabled

Compilation events (10 events):
Event: 122.024 Thread 0x00007fc259823800 2597       3       java.util.logging.LogManager::getProperty (9 bytes)
Event: 122.025 Thread 0x00007fc259823800 nmethod 2597 0x000000010c596590 code [0x000000010c596700, 0x000000010c596928]
Event: 122.025 Thread 0x00007fc259823800 2598   !   3       java.util.logging.LogManager::ensureLogManagerInitialized (128 bytes)
Event: 122.026 Thread 0x00007fc259823800 nmethod 2598 0x000000010c821490 code [0x000000010c821640, 0x000000010c821cc8]
Event: 122.026 Thread 0x00007fc259823800 2599   !   3       java.util.ResourceBundle$CacheKey::equals (119 bytes)
Event: 122.027 Thread 0x00007fc259823800 nmethod 2599 0x000000010c6bb650 code [0x000000010c6bb820, 0x000000010c6bc118]
Event: 122.028 Thread 0x00007fc259823800 2600       3       java.io.File::<init> (47 bytes)
Event: 122.028 Thread 0x00007fc259823800 nmethod 2600 0x000000010c5a3ed0 code [0x000000010c5a40a0, 0x000000010c5a47a8]
Event: 122.029 Thread 0x00007fc259823800 2601       1       java.io.ExpiringCache$Entry::val (5 bytes)
Event: 122.029 Thread 0x00007fc259823800 nmethod 2601 0x000000010c659610 code [0x000000010c659760, 0x000000010c659870]

GC Heap History (6 events):
Event: 20.952 GC heap before
{Heap before GC invocations=1 (full 0):
 PSYoungGen      total 38400K, used 33280K [0x0000000795580000, 0x0000000798000000, 0x00000007c0000000)
  eden space 33280K, 100% used [0x0000000795580000,0x0000000797600000,0x0000000797600000)
  from space 5120K, 0% used [0x0000000797b00000,0x0000000797b00000,0x0000000798000000)
  to   space 5120K, 0% used [0x0000000797600000,0x0000000797600000,0x0000000797b00000)
 ParOldGen       total 87552K, used 0K [0x0000000740000000, 0x0000000745580000, 0x0000000795580000)
  object space 87552K, 0% used [0x0000000740000000,0x0000000740000000,0x0000000745580000)
 Metaspace       used 14634K, capacity 15162K, committed 15360K, reserved 1062912K
  class space    used 2046K, capacity 2193K, committed 2304K, reserved 1048576K
Event: 20.962 GC heap after
Heap after GC invocations=1 (full 0):
 PSYoungGen      total 38400K, used 4531K [0x0000000795580000, 0x0000000798000000, 0x00000007c0000000)
  eden space 33280K, 0% used [0x0000000795580000,0x0000000795580000,0x0000000797600000)
  from space 5120K, 88% used [0x0000000797600000,0x0000000797a6cda0,0x0000000797b00000)
  to   space 5120K, 0% used [0x0000000797b00000,0x0000000797b00000,0x0000000798000000)
 ParOldGen       total 87552K, used 80K [0x0000000740000000, 0x0000000745580000, 0x0000000795580000)
  object space 87552K, 0% used [0x0000000740000000,0x0000000740014010,0x0000000745580000)
 Metaspace       used 14634K, capacity 15162K, committed 15360K, reserved 1062912K
  class space    used 2046K, capacity 2193K, committed 2304K, reserved 1048576K
}
Event: 28.557 GC heap before
{Heap before GC invocations=2 (full 0):
 PSYoungGen      total 38400K, used 16376K [0x0000000795580000, 0x0000000798000000, 0x00000007c0000000)
  eden space 33280K, 35% used [0x0000000795580000,0x00000007961115b0,0x0000000797600000)
  from space 5120K, 88% used [0x0000000797600000,0x0000000797a6cda0,0x0000000797b00000)
  to   space 5120K, 0% used [0x0000000797b00000,0x0000000797b00000,0x0000000798000000)
 ParOldGen       total 87552K, used 80K [0x0000000740000000, 0x0000000745580000, 0x0000000795580000)
  object space 87552K, 0% used [0x0000000740000000,0x0000000740014010,0x0000000745580000)
 Metaspace       used 18336K, capacity 19106K, committed 19200K, reserved 1064960K
  class space    used 2614K, capacity 2795K, committed 2816K, reserved 1048576K
Event: 28.572 GC heap after
Heap after GC invocations=2 (full 0):
 PSYoungGen      total 38400K, used 5094K [0x0000000795580000, 0x0000000798000000, 0x00000007c0000000)
  eden space 33280K, 0% used [0x0000000795580000,0x0000000795580000,0x0000000797600000)
  from space 5120K, 99% used [0x0000000797b00000,0x0000000797ff9830,0x0000000798000000)
  to   space 5120K, 0% used [0x0000000797600000,0x0000000797600000,0x0000000797b00000)
 ParOldGen       total 87552K, used 5208K [0x0000000740000000, 0x0000000745580000, 0x0000000795580000)
  object space 87552K, 5% used [0x0000000740000000,0x0000000740516030,0x0000000745580000)
 Metaspace       used 18336K, capacity 19106K, committed 19200K, reserved 1064960K
  class space    used 2614K, capacity 2795K, committed 2816K, reserved 1048576K
}
Event: 28.572 GC heap before
{Heap before GC invocations=3 (full 1):
 PSYoungGen      total 38400K, used 5094K [0x0000000795580000, 0x0000000798000000, 0x00000007c0000000)
  eden space 33280K, 0% used [0x0000000795580000,0x0000000795580000,0x0000000797600000)
  from space 5120K, 99% used [0x0000000797b00000,0x0000000797ff9830,0x0000000798000000)
  to   space 5120K, 0% used [0x0000000797600000,0x0000000797600000,0x0000000797b00000)
 ParOldGen       total 87552K, used 5208K [0x0000000740000000, 0x0000000745580000, 0x0000000795580000)
  object space 87552K, 5% used [0x0000000740000000,0x0000000740516030,0x0000000745580000)
 Metaspace       used 18336K, capacity 19106K, committed 19200K, reserved 1064960K
  class space    used 2614K, capacity 2795K, committed 2816K, reserved 1048576K
Event: 28.611 GC heap after
Heap after GC invocations=3 (full 1):
 PSYoungGen      total 38400K, used 0K [0x0000000795580000, 0x0000000798000000, 0x00000007c0000000)
  eden space 33280K, 0% used [0x0000000795580000,0x0000000795580000,0x0000000797600000)
  from space 5120K, 0% used [0x0000000797b00000,0x0000000797b00000,0x0000000798000000)
  to   space 5120K, 0% used [0x0000000797600000,0x0000000797600000,0x0000000797b00000)
 ParOldGen       total 87552K, used 8190K [0x0000000740000000, 0x0000000745580000, 0x0000000795580000)
  object space 87552K, 9% used [0x0000000740000000,0x00000007407ffaa8,0x0000000745580000)
 Metaspace       used 18336K, capacity 19106K, committed 19200K, reserved 1064960K
  class space    used 2614K, capacity 2795K, committed 2816K, reserved 1048576K
}

Deoptimization events (10 events):
Event: 23.241 Thread 0x00007fc25a225800 Uncommon trap: reason=unstable_if action=reinterpret pc=0x000000010c7bcff4 method=jdk.internal.org.objectweb.asm.Type.getArgumentsAndReturnSizes(Ljava/lang/String;)I @ 47
Event: 28.446 Thread 0x00007fc25a225800 Uncommon trap: reason=unstable_if action=reinterpret pc=0x000000010c73cee0 method=java.lang.String.lastIndexOf([CII[CIII)I @ 66
Event: 28.446 Thread 0x00007fc25a225800 Uncommon trap: reason=unstable_if action=reinterpret pc=0x000000010c73d984 method=java.lang.String.lastIndexOf([CII[CIII)I @ 66
Event: 28.464 Thread 0x00007fc25a225800 Uncommon trap: reason=unstable_if action=reinterpret pc=0x000000010c78697c method=java.lang.String.regionMatches(ZILjava/lang/String;II)Z @ 123
Event: 28.467 Thread 0x00007fc25a225800 Uncommon trap: reason=predicate action=maybe_recompile pc=0x000000010c6fdd44 method=sun.net.www.ParseUtil.encodePath(Ljava/lang/String;Z)Ljava/lang/String; @ 36
Event: 47.908 Thread 0x00007fc25a225800 Uncommon trap: reason=class_check action=maybe_recompile pc=0x000000010ca3c35c method=javafx.scene.Node.updateLocalToParentTransform()V @ 11
Event: 47.908 Thread 0x00007fc25a225800 Uncommon trap: reason=class_check action=maybe_recompile pc=0x000000010ca3c35c method=javafx.scene.Node.updateLocalToParentTransform()V @ 11
Event: 47.908 Thread 0x00007fc25a225800 Uncommon trap: reason=class_check action=maybe_recompile pc=0x000000010ca3c35c method=javafx.scene.Node.updateLocalToParentTransform()V @ 11
Event: 55.540 Thread 0x00007fc25a225800 Uncommon trap: reason=class_check action=maybe_recompile pc=0x000000010ca3c35c method=javafx.scene.Node.updateLocalToParentTransform()V @ 11
Event: 122.027 Thread 0x00007fc25a001800 Uncommon trap: reason=unstable_if action=reinterpret pc=0x000000010c99afc8 method=java.lang.SecurityManager.checkPackageAccess(Ljava/lang/String;)V @ 85

Internal exceptions (10 events):
Event: 20.740 Thread 0x00007fc25a225800 Exception <a 'java/io/FileNotFoundException'> (0x0000000797150878) thrown at [/Users/java_re/workspace/8-2-build-macosx-x86_64/jdk8u144/9417/hotspot/src/share/vm/prims/jni.cpp, line 709]
Event: 28.446 Thread 0x00007fc25a225800 Exception <a 'java/lang/NullPointerException'> (0x0000000795f6c6a0) thrown at [/Users/java_re/workspace/8-2-build-macosx-x86_64/jdk8u144/9417/hotspot/src/share/vm/interpreter/linkResolver.cpp, line 1197]
Event: 28.471 Thread 0x00007fc25a225800 Exception <a 'java/io/FileNotFoundException'> (0x0000000795f97470) thrown at [/Users/java_re/workspace/8-2-build-macosx-x86_64/jdk8u144/9417/hotspot/src/share/vm/prims/jni.cpp, line 709]
Event: 28.614 Thread 0x00007fc25a225800 Exception <a 'java/lang/NoSuchMethodError': <clinit>> (0x0000000795586758) thrown at [/Users/java_re/workspace/8-2-build-macosx-x86_64/jdk8u144/9417/hotspot/src/share/vm/prims/jni.cpp, line 1613]
Event: 28.618 Thread 0x00007fc25a225800 Exception <a 'java/lang/NoSuchMethodError': <clinit>> (0x00000007955a4fb0) thrown at [/Users/java_re/workspace/8-2-build-macosx-x86_64/jdk8u144/9417/hotspot/src/share/vm/prims/jni.cpp, line 1613]
Event: 28.624 Thread 0x00007fc25905e000 Exception <a 'java/lang/InterruptedException'> (0x00000007956b71b0) thrown at [/Users/java_re/workspace/8-2-build-macosx-x86_64/jdk8u144/9417/hotspot/src/share/vm/runtime/objectMonitor.cpp, line 1684]
Event: 31.069 Thread 0x00007fc25a225800 Exception <a 'java/lang/ArrayIndexOutOfBoundsException'> (0x00000007958d2c80) thrown at [/Users/java_re/workspace/8-2-build-macosx-x86_64/jdk8u144/9417/hotspot/src/share/vm/runtime/sharedRuntime.cpp, line 605]
Event: 31.073 Thread 0x00007fc25a225800 Exception <a 'java/lang/ArrayIndexOutOfBoundsException'> (0x00000007958fcf18) thrown at [/Users/java_re/workspace/8-2-build-macosx-x86_64/jdk8u144/9417/hotspot/src/share/vm/runtime/sharedRuntime.cpp, line 605]
Event: 31.119 Thread 0x00007fc25a225800 Exception <a 'java/io/FileNotFoundException'> (0x00000007963f4128) thrown at [/Users/java_re/workspace/8-2-build-macosx-x86_64/jdk8u144/9417/hotspot/src/share/vm/prims/jni.cpp, line 709]
Event: 48.279 Thread 0x00007fc25a225800 Exception <a 'java/lang/ClassCastException': com.sun.proxy.$Proxy5 cannot be cast to linkedin_backendRMIServer.BackendServerInterface> (0x000000079685ad88) thrown at [/Users/java_re/workspace/8-2-build-macosx-x86_64/jdk8u144/9417/hotspot/src/share/vm/inte

Events (10 events):
Event: 122.033 loading class java/lang/ProcessEnvironment$Variable
Event: 122.033 loading class java/lang/ProcessEnvironment$ExternalData
Event: 122.033 loading class java/lang/ProcessEnvironment$ExternalData done
Event: 122.033 loading class java/lang/ProcessEnvironment$Variable done
Event: 122.033 loading class java/lang/ProcessEnvironment$Value
Event: 122.033 loading class java/lang/ProcessEnvironment$Value done
Event: 122.033 loading class java/lang/ProcessEnvironment$StringEnvironment
Event: 122.033 loading class java/lang/ProcessEnvironment$StringEnvironment done
Event: 122.033 loading class java/util/Collections$UnmodifiableMap
Event: 122.033 loading class java/util/Collections$UnmodifiableMap done


Dynamic libraries:
0x000000000a488000 	/System/Library/Frameworks/Cocoa.framework/Versions/A/Cocoa
0x000000000a488000 	/System/Library/Frameworks/Security.framework/Versions/A/Security
0x000000000a488000 	/System/Library/Frameworks/ApplicationServices.framework/Versions/A/ApplicationServices
0x000000000a488000 	/usr/lib/libz.1.dylib
0x000000000a488000 	/usr/lib/libSystem.B.dylib
0x000000000a488000 	/usr/lib/libobjc.A.dylib
0x000000000a488000 	/System/Library/Frameworks/CoreFoundation.framework/Versions/A/CoreFoundation
0x000000000a488000 	/System/Library/Frameworks/Foundation.framework/Versions/C/Foundation
0x000000000a488000 	/System/Library/Frameworks/AppKit.framework/Versions/C/AppKit
0x000000000a488000 	/System/Library/Frameworks/CoreData.framework/Versions/A/CoreData
0x000000000a488000 	/System/Library/PrivateFrameworks/RemoteViewServices.framework/Versions/A/RemoteViewServices
0x000000000a488000 	/System/Library/PrivateFrameworks/UIFoundation.framework/Versions/A/UIFoundation
0x000000000a488000 	/System/Library/PrivateFrameworks/XCTTargetBootstrap.framework/Versions/A/XCTTargetBootstrap
0x000000000a488000 	/System/Library/PrivateFrameworks/IconServices.framework/Versions/A/IconServices
0x000000000a488000 	/System/Library/Frameworks/Metal.framework/Versions/A/Metal
0x000000000a488000 	/System/Library/PrivateFrameworks/DesktopServicesPriv.framework/Versions/A/DesktopServicesPriv
0x000000000a488000 	/usr/lib/libenergytrace.dylib
0x000000000a488000 	/System/Library/PrivateFrameworks/SkyLight.framework/Versions/A/SkyLight
0x000000000a488000 	/System/Library/Frameworks/CoreGraphics.framework/Versions/A/CoreGraphics
0x000000000a488000 	/System/Library/Frameworks/Accelerate.framework/Versions/A/Accelerate
0x000000000a488000 	/System/Library/Frameworks/IOSurface.framework/Versions/A/IOSurface
0x000000000a488000 	/System/Library/PrivateFrameworks/DFRFoundation.framework/Versions/A/DFRFoundation
0x000000000a488000 	/System/Library/Frameworks/AudioToolbox.framework/Versions/A/AudioToolbox
0x000000000a488000 	/System/Library/Frameworks/AudioUnit.framework/Versions/A/AudioUnit
0x000000000a488000 	/System/Library/PrivateFrameworks/DataDetectorsCore.framework/Versions/A/DataDetectorsCore
0x000000000a488000 	/System/Library/Frameworks/Carbon.framework/Versions/A/Frameworks/HIToolbox.framework/Versions/A/HIToolbox
0x000000000a488000 	/usr/lib/libicucore.A.dylib
0x000000000a488000 	/System/Library/Frameworks/QuartzCore.framework/Versions/A/QuartzCore
0x000000000a488000 	/System/Library/Frameworks/Carbon.framework/Versions/A/Frameworks/SpeechRecognition.framework/Versions/A/SpeechRecognition
0x000000000a488000 	/usr/lib/libauto.dylib
0x000000000a488000 	/usr/lib/libxml2.2.dylib
0x000000000a488000 	/System/Library/PrivateFrameworks/CoreUI.framework/Versions/A/CoreUI
0x000000000a488000 	/System/Library/Frameworks/CoreAudio.framework/Versions/A/CoreAudio
0x000000000a488000 	/System/Library/Frameworks/DiskArbitration.framework/Versions/A/DiskArbitration
0x000000000a488000 	/usr/lib/liblangid.dylib
0x000000000a488000 	/System/Library/PrivateFrameworks/MultitouchSupport.framework/Versions/A/MultitouchSupport
0x000000000a488000 	/System/Library/Frameworks/IOKit.framework/Versions/A/IOKit
0x000000000a488000 	/usr/lib/libDiagnosticMessagesClient.dylib
0x000000000a488000 	/System/Library/Frameworks/CoreServices.framework/Versions/A/CoreServices
0x000000000a488000 	/System/Library/PrivateFrameworks/PerformanceAnalysis.framework/Versions/A/PerformanceAnalysis
0x000000000a488000 	/System/Library/Frameworks/OpenGL.framework/Versions/A/OpenGL
0x000000000a488000 	/System/Library/Frameworks/ColorSync.framework/Versions/A/ColorSync
0x000000000a488000 	/System/Library/Frameworks/CoreImage.framework/Versions/A/CoreImage
0x000000000a488000 	/System/Library/Frameworks/CoreText.framework/Versions/A/CoreText
0x000000000a488000 	/System/Library/Frameworks/ImageIO.framework/Versions/A/ImageIO
0x000000000a488000 	/System/Library/PrivateFrameworks/Backup.framework/Versions/A/Backup
0x000000000a488000 	/usr/lib/libarchive.2.dylib
0x000000000a488000 	/System/Library/Frameworks/CFNetwork.framework/Versions/A/CFNetwork
0x000000000a488000 	/System/Library/Frameworks/SystemConfiguration.framework/Versions/A/SystemConfiguration
0x000000000a488000 	/usr/lib/libCRFSuite.dylib
0x000000000a488000 	/usr/lib/libc++.1.dylib
0x000000000a488000 	/usr/lib/libc++abi.dylib
0x000000000a488000 	/usr/lib/system/libcache.dylib
0x000000000a488000 	/usr/lib/system/libcommonCrypto.dylib
0x000000000a488000 	/usr/lib/system/libcompiler_rt.dylib
0x000000000a488000 	/usr/lib/system/libcopyfile.dylib
0x000000000a488000 	/usr/lib/system/libcorecrypto.dylib
0x000000000a488000 	/usr/lib/system/libdispatch.dylib
0x000000000a488000 	/usr/lib/system/libdyld.dylib
0x000000000a488000 	/usr/lib/system/libkeymgr.dylib
0x000000000a488000 	/usr/lib/system/liblaunch.dylib
0x000000000a488000 	/usr/lib/system/libmacho.dylib
0x000000000a488000 	/usr/lib/system/libquarantine.dylib
0x000000000a488000 	/usr/lib/system/libremovefile.dylib
0x000000000a488000 	/usr/lib/system/libsystem_asl.dylib
0x000000000a488000 	/usr/lib/system/libsystem_blocks.dylib
0x000000000a488000 	/usr/lib/system/libsystem_c.dylib
0x000000000a488000 	/usr/lib/system/libsystem_configuration.dylib
0x000000000a488000 	/usr/lib/system/libsystem_coreservices.dylib
0x000000000a488000 	/usr/lib/system/libsystem_darwin.dylib
0x000000000a488000 	/usr/lib/system/libsystem_dnssd.dylib
0x000000000a488000 	/usr/lib/system/libsystem_info.dylib
0x000000000a488000 	/usr/lib/system/libsystem_m.dylib
0x000000000a488000 	/usr/lib/system/libsystem_malloc.dylib
0x000000000a488000 	/usr/lib/system/libsystem_networkextension.dylib
0x000000000a488000 	/usr/lib/system/libsystem_notify.dylib
0x000000000a488000 	/usr/lib/system/libsystem_sandbox.dylib
0x000000000a488000 	/usr/lib/system/libsystem_secinit.dylib
0x000000000a488000 	/usr/lib/system/libsystem_kernel.dylib
0x000000000a488000 	/usr/lib/system/libsystem_platform.dylib
0x000000000a488000 	/usr/lib/system/libsystem_pthread.dylib
0x000000000a488000 	/usr/lib/system/libsystem_symptoms.dylib
0x000000000a488000 	/usr/lib/system/libsystem_trace.dylib
0x000000000a488000 	/usr/lib/system/libunwind.dylib
0x000000000a488000 	/usr/lib/system/libxpc.dylib
0x000000000a488000 	/usr/lib/libbsm.0.dylib
0x000000000a488000 	/usr/lib/system/libkxld.dylib
0x000000000a488000 	/System/Library/PrivateFrameworks/AppleFSCompression.framework/Versions/A/AppleFSCompression
0x000000000a488000 	/usr/lib/libOpenScriptingUtil.dylib
0x000000000a488000 	/usr/lib/libcoretls.dylib
0x000000000a488000 	/usr/lib/libcoretls_cfhelpers.dylib
0x000000000a488000 	/usr/lib/libpam.2.dylib
0x000000000a488000 	/usr/lib/libsqlite3.dylib
0x000000000a488000 	/usr/lib/libxar.1.dylib
0x000000000a488000 	/usr/lib/libbz2.1.0.dylib
0x000000000a488000 	/usr/lib/liblzma.5.dylib
0x000000000a488000 	/usr/lib/libnetwork.dylib
0x000000000a488000 	/usr/lib/libapple_nghttp2.dylib
0x000000000a488000 	/usr/lib/libpcap.A.dylib
0x000000000a488000 	/System/Library/Frameworks/CoreServices.framework/Versions/A/Frameworks/FSEvents.framework/Versions/A/FSEvents
0x000000000a488000 	/System/Library/Frameworks/CoreServices.framework/Versions/A/Frameworks/CarbonCore.framework/Versions/A/CarbonCore
0x000000000a488000 	/System/Library/Frameworks/CoreServices.framework/Versions/A/Frameworks/Metadata.framework/Versions/A/Metadata
0x000000000a488000 	/System/Library/Frameworks/CoreServices.framework/Versions/A/Frameworks/OSServices.framework/Versions/A/OSServices
0x000000000a488000 	/System/Library/Frameworks/CoreServices.framework/Versions/A/Frameworks/SearchKit.framework/Versions/A/SearchKit
0x000000000a488000 	/System/Library/Frameworks/CoreServices.framework/Versions/A/Frameworks/AE.framework/Versions/A/AE
0x000000000a488000 	/System/Library/Frameworks/CoreServices.framework/Versions/A/Frameworks/LaunchServices.framework/Versions/A/LaunchServices
0x000000000a488000 	/System/Library/Frameworks/CoreServices.framework/Versions/A/Frameworks/DictionaryServices.framework/Versions/A/DictionaryServices
0x000000000a488000 	/System/Library/Frameworks/CoreServices.framework/Versions/A/Frameworks/SharedFileList.framework/Versions/A/SharedFileList
0x000000000a488000 	/System/Library/Frameworks/NetFS.framework/Versions/A/NetFS
0x000000000a488000 	/System/Library/PrivateFrameworks/NetAuth.framework/Versions/A/NetAuth
0x000000000a488000 	/System/Library/PrivateFrameworks/login.framework/Versions/A/Frameworks/loginsupport.framework/Versions/A/loginsupport
0x000000000a488000 	/System/Library/PrivateFrameworks/TCC.framework/Versions/A/TCC
0x000000000a488000 	/System/Library/PrivateFrameworks/CoreNLP.framework/Versions/A/CoreNLP
0x000000000a488000 	/System/Library/PrivateFrameworks/MetadataUtilities.framework/Versions/A/MetadataUtilities
0x000000000a488000 	/usr/lib/libmecabra.dylib
0x000000000a488000 	/System/Library/Frameworks/ApplicationServices.framework/Versions/A/Frameworks/ATS.framework/Versions/A/ATS
0x000000000a488000 	/System/Library/Frameworks/ApplicationServices.framework/Versions/A/Frameworks/ColorSyncLegacy.framework/Versions/A/ColorSyncLegacy
0x000000000a488000 	/System/Library/Frameworks/ApplicationServices.framework/Versions/A/Frameworks/HIServices.framework/Versions/A/HIServices
0x000000000a488000 	/System/Library/Frameworks/ApplicationServices.framework/Versions/A/Frameworks/LangAnalysis.framework/Versions/A/LangAnalysis
0x000000000a488000 	/System/Library/Frameworks/ApplicationServices.framework/Versions/A/Frameworks/PrintCore.framework/Versions/A/PrintCore
0x000000000a488000 	/System/Library/Frameworks/ApplicationServices.framework/Versions/A/Frameworks/QD.framework/Versions/A/QD
0x000000000a488000 	/System/Library/Frameworks/ApplicationServices.framework/Versions/A/Frameworks/SpeechSynthesis.framework/Versions/A/SpeechSynthesis
0x000000000a488000 	/usr/lib/libcompression.dylib
0x000000000a488000 	/System/Library/Frameworks/CoreDisplay.framework/Versions/A/CoreDisplay
0x000000000a488000 	/System/Library/Frameworks/MetalPerformanceShaders.framework/Versions/A/MetalPerformanceShaders
0x000000000a488000 	/System/Library/Frameworks/Accelerate.framework/Versions/A/Frameworks/vImage.framework/Versions/A/vImage
0x000000000a488000 	/System/Library/Frameworks/Accelerate.framework/Versions/A/Frameworks/vecLib.framework/Versions/A/vecLib
0x000000000a488000 	/System/Library/Frameworks/Accelerate.framework/Versions/A/Frameworks/vecLib.framework/Versions/A/libvMisc.dylib
0x000000000a488000 	/System/Library/Frameworks/Accelerate.framework/Versions/A/Frameworks/vecLib.framework/Versions/A/libvDSP.dylib
0x000000000a488000 	/System/Library/Frameworks/Accelerate.framework/Versions/A/Frameworks/vecLib.framework/Versions/A/libBLAS.dylib
0x000000000a488000 	/System/Library/Frameworks/Accelerate.framework/Versions/A/Frameworks/vecLib.framework/Versions/A/libLAPACK.dylib
0x000000000a488000 	/System/Library/Frameworks/Accelerate.framework/Versions/A/Frameworks/vecLib.framework/Versions/A/libLinearAlgebra.dylib
0x000000000a488000 	/System/Library/Frameworks/Accelerate.framework/Versions/A/Frameworks/vecLib.framework/Versions/A/libSparseBLAS.dylib
0x000000000a488000 	/System/Library/Frameworks/Accelerate.framework/Versions/A/Frameworks/vecLib.framework/Versions/A/libQuadrature.dylib
0x000000000a488000 	/System/Library/Frameworks/Accelerate.framework/Versions/A/Frameworks/vecLib.framework/Versions/A/libBNNS.dylib
0x000000000a488000 	/System/Library/Frameworks/Accelerate.framework/Versions/A/Frameworks/vecLib.framework/Versions/A/libSparse.dylib
0x000000000a488000 	/System/Library/PrivateFrameworks/GPUWrangler.framework/Versions/A/GPUWrangler
0x000000000a488000 	/System/Library/PrivateFrameworks/IOAccelerator.framework/Versions/A/IOAccelerator
0x000000000a488000 	/System/Library/PrivateFrameworks/IOPresentment.framework/Versions/A/IOPresentment
0x000000000a488000 	/System/Library/PrivateFrameworks/DSExternalDisplay.framework/Versions/A/DSExternalDisplay
0x000000000a488000 	/System/Library/Frameworks/OpenGL.framework/Versions/A/Libraries/libCoreFSCache.dylib
0x000000000a488000 	/System/Library/Frameworks/MetalPerformanceShaders.framework/Frameworks/MPSCore.framework/Versions/A/MPSCore
0x000000000a488000 	/System/Library/Frameworks/MetalPerformanceShaders.framework/Frameworks/MPSImage.framework/Versions/A/MPSImage
0x000000000a488000 	/System/Library/Frameworks/MetalPerformanceShaders.framework/Frameworks/MPSNeuralNetwork.framework/Versions/A/MPSNeuralNetwork
0x000000000a488000 	/System/Library/Frameworks/MetalPerformanceShaders.framework/Frameworks/MPSMatrix.framework/Versions/A/MPSMatrix
0x000000000a488000 	/System/Library/Frameworks/MetalPerformanceShaders.framework/Frameworks/MPSRayIntersector.framework/Versions/A/MPSRayIntersector
0x000000000a488000 	/System/Library/PrivateFrameworks/MetalTools.framework/Versions/A/MetalTools
0x000000000a488000 	/System/Library/PrivateFrameworks/AggregateDictionary.framework/Versions/A/AggregateDictionary
0x000000000a488000 	/usr/lib/libMobileGestalt.dylib
0x000000000a488000 	/System/Library/Frameworks/CoreVideo.framework/Versions/A/CoreVideo
0x000000000a488000 	/System/Library/PrivateFrameworks/GraphVisualizer.framework/Versions/A/GraphVisualizer
0x000000000a488000 	/System/Library/PrivateFrameworks/FaceCore.framework/Versions/A/FaceCore
0x000000000a488000 	/System/Library/Frameworks/OpenCL.framework/Versions/A/OpenCL
0x000000000a488000 	/usr/lib/libFosl_dynamic.dylib
0x000000000a488000 	/System/Library/PrivateFrameworks/OTSVG.framework/Versions/A/OTSVG
0x000000000a488000 	/System/Library/Frameworks/ApplicationServices.framework/Versions/A/Frameworks/ATS.framework/Versions/A/Resources/libFontParser.dylib
0x000000000a488000 	/System/Library/Frameworks/ApplicationServices.framework/Versions/A/Frameworks/ATS.framework/Versions/A/Resources/libFontRegistry.dylib
0x000000000a488000 	/System/Library/Frameworks/ImageIO.framework/Versions/A/Resources/libJPEG.dylib
0x000000000a488000 	/System/Library/Frameworks/ImageIO.framework/Versions/A/Resources/libTIFF.dylib
0x000000000a488000 	/System/Library/Frameworks/ImageIO.framework/Versions/A/Resources/libPng.dylib
0x000000000a488000 	/System/Library/Frameworks/ImageIO.framework/Versions/A/Resources/libGIF.dylib
0x000000000a488000 	/System/Library/Frameworks/ImageIO.framework/Versions/A/Resources/libJP2.dylib
0x000000000a488000 	/System/Library/Frameworks/ImageIO.framework/Versions/A/Resources/libRadiance.dylib
0x000000000a488000 	/System/Library/PrivateFrameworks/AppleJPEG.framework/Versions/A/AppleJPEG
0x000000000a488000 	/System/Library/Frameworks/OpenGL.framework/Versions/A/Libraries/libGFXShared.dylib
0x000000000a488000 	/System/Library/Frameworks/OpenGL.framework/Versions/A/Libraries/libGLU.dylib
0x000000000a488000 	/System/Library/Frameworks/OpenGL.framework/Versions/A/Libraries/libGL.dylib
0x000000000a488000 	/System/Library/Frameworks/OpenGL.framework/Versions/A/Libraries/libGLImage.dylib
0x000000000a488000 	/System/Library/Frameworks/OpenGL.framework/Versions/A/Libraries/libCVMSPluginSupport.dylib
0x000000000a488000 	/System/Library/Frameworks/OpenGL.framework/Versions/A/Libraries/libCoreVMClient.dylib
0x000000000a488000 	/usr/lib/libcups.2.dylib
0x000000000a488000 	/System/Library/Frameworks/Kerberos.framework/Versions/A/Kerberos
0x000000000a488000 	/System/Library/Frameworks/GSS.framework/Versions/A/GSS
0x000000000a488000 	/usr/lib/libresolv.9.dylib
0x000000000a488000 	/usr/lib/libiconv.2.dylib
0x000000000a488000 	/System/Library/PrivateFrameworks/Heimdal.framework/Versions/A/Heimdal
0x000000000a488000 	/usr/lib/libheimdal-asn1.dylib
0x000000000a488000 	/System/Library/Frameworks/OpenDirectory.framework/Versions/A/OpenDirectory
0x000000000a488000 	/System/Library/PrivateFrameworks/CommonAuth.framework/Versions/A/CommonAuth
0x000000000a488000 	/System/Library/Frameworks/OpenDirectory.framework/Versions/A/Frameworks/CFOpenDirectory.framework/Versions/A/CFOpenDirectory
0x000000000a488000 	/System/Library/Frameworks/SecurityFoundation.framework/Versions/A/SecurityFoundation
0x000000000a488000 	/System/Library/PrivateFrameworks/APFS.framework/Versions/A/APFS
0x000000000a488000 	/usr/lib/libutil.dylib
0x000000000a488000 	/usr/lib/libcharset.1.dylib
0x000000000a488000 	/System/Library/PrivateFrameworks/AppleSauce.framework/Versions/A/AppleSauce
0x000000000a488000 	/System/Library/PrivateFrameworks/AssertionServices.framework/Versions/A/AssertionServices
0x000000000a488000 	/System/Library/PrivateFrameworks/BaseBoard.framework/Versions/A/BaseBoard
0x000000000a488000 	/usr/lib/libmecab.1.0.0.dylib
0x000000000a488000 	/usr/lib/libgermantok.dylib
0x000000000a488000 	/usr/lib/libThaiTokenizer.dylib
0x000000000a488000 	/usr/lib/libChineseTokenizer.dylib
0x000000000a488000 	/System/Library/PrivateFrameworks/LanguageModeling.framework/Versions/A/LanguageModeling
0x000000000a488000 	/System/Library/PrivateFrameworks/CoreEmoji.framework/Versions/A/CoreEmoji
0x000000000a488000 	/System/Library/PrivateFrameworks/Lexicon.framework/Versions/A/Lexicon
0x000000000a488000 	/System/Library/PrivateFrameworks/LinguisticData.framework/Versions/A/LinguisticData
0x000000000a488000 	/usr/lib/libcmph.dylib
0x000000000a488000 	/System/Library/Frameworks/ServiceManagement.framework/Versions/A/ServiceManagement
0x000000000a488000 	/System/Library/PrivateFrameworks/BackgroundTaskManagement.framework/Versions/A/BackgroundTaskManagement
0x000000000a488000 	/usr/lib/libxslt.1.dylib
0x000000000a488000 	/System/Library/Frameworks/Carbon.framework/Versions/A/Frameworks/Ink.framework/Versions/A/Ink
0x000000000a488000 	/System/Library/PrivateFrameworks/TextureIO.framework/Versions/A/TextureIO
0x000000000a488000 	/usr/lib/libate.dylib
0x000000000a488000 	/System/Library/PrivateFrameworks/CrashReporterSupport.framework/Versions/A/CrashReporterSupport
0x000000000a488000 	/System/Library/PrivateFrameworks/Sharing.framework/Versions/A/Sharing
0x000000000a488000 	/System/Library/PrivateFrameworks/AuthKit.framework/Versions/A/AuthKit
0x000000000a488000 	/System/Library/PrivateFrameworks/Apple80211.framework/Versions/A/Apple80211
0x000000000a488000 	/System/Library/PrivateFrameworks/CoreUtils.framework/Versions/A/CoreUtils
0x000000000a488000 	/System/Library/Frameworks/CoreWLAN.framework/Versions/A/CoreWLAN
0x000000000a488000 	/System/Library/Frameworks/IOBluetooth.framework/Versions/A/IOBluetooth
0x000000000a488000 	/System/Library/PrivateFrameworks/ProtocolBuffer.framework/Versions/A/ProtocolBuffer
0x000000000a488000 	/System/Library/PrivateFrameworks/MobileKeyBag.framework/Versions/A/MobileKeyBag
0x000000000a488000 	/System/Library/PrivateFrameworks/CorePhoneNumbers.framework/Versions/A/CorePhoneNumbers
0x000000000a488000 	/System/Library/PrivateFrameworks/AppleIDAuthSupport.framework/Versions/A/AppleIDAuthSupport
0x000000000a488000 	/System/Library/PrivateFrameworks/KeychainCircle.framework/Versions/A/KeychainCircle
0x000000000a488000 	/System/Library/PrivateFrameworks/ROCKit.framework/Versions/A/ROCKit
0x000000000a488000 	/System/Library/PrivateFrameworks/CoreWiFi.framework/Versions/A/CoreWiFi
0x000000000a488000 	/System/Library/Frameworks/CoreBluetooth.framework/Versions/A/CoreBluetooth
0x000000000a488000 	/System/Library/PrivateFrameworks/DebugSymbols.framework/Versions/A/DebugSymbols
0x000000000a488000 	/System/Library/PrivateFrameworks/CoreSymbolication.framework/Versions/A/CoreSymbolication
0x000000000a488000 	/System/Library/PrivateFrameworks/Symbolication.framework/Versions/A/Symbolication
0x000000000a488000 	/System/Library/PrivateFrameworks/SpeechRecognitionCore.framework/Versions/A/SpeechRecognitionCore
0x0000000102e00000 	/Library/Java/JavaVirtualMachines/jdk1.8.0_144.jdk/Contents/Home/jre/lib/server/libjvm.dylib
0x000000000a488000 	/usr/lib/libstdc++.6.dylib
0x0000000102568000 	/Library/Java/JavaVirtualMachines/jdk1.8.0_144.jdk/Contents/Home/jre/lib/libverify.dylib
0x0000000102576000 	/Library/Java/JavaVirtualMachines/jdk1.8.0_144.jdk/Contents/Home/jre/lib/libjava.dylib
0x00000001025f5000 	/Library/Java/JavaVirtualMachines/jdk1.8.0_144.jdk/Contents/Home/jre/lib/libzip.dylib
0x000000000a488000 	/System/Library/Frameworks/JavaVM.framework/Versions/A/Frameworks/JavaRuntimeSupport.framework/Versions/A/JavaRuntimeSupport
0x000000000a488000 	/System/Library/Frameworks/JavaVM.framework/Versions/A/Frameworks/JavaNativeFoundation.framework/Versions/A/JavaNativeFoundation
0x000000000a488000 	/System/Library/Frameworks/JavaVM.framework/Versions/A/JavaVM
0x000000000a488000 	/System/Library/Frameworks/Carbon.framework/Versions/A/Carbon
0x000000000a488000 	/System/Library/PrivateFrameworks/JavaLaunching.framework/Versions/A/JavaLaunching
0x000000000a488000 	/System/Library/Frameworks/Carbon.framework/Versions/A/Frameworks/CommonPanels.framework/Versions/A/CommonPanels
0x000000000a488000 	/System/Library/Frameworks/Carbon.framework/Versions/A/Frameworks/Help.framework/Versions/A/Help
0x000000000a488000 	/System/Library/Frameworks/Carbon.framework/Versions/A/Frameworks/ImageCapture.framework/Versions/A/ImageCapture
0x000000000a488000 	/System/Library/Frameworks/Carbon.framework/Versions/A/Frameworks/OpenScripting.framework/Versions/A/OpenScripting
0x000000000a488000 	/System/Library/Frameworks/Carbon.framework/Versions/A/Frameworks/Print.framework/Versions/A/Print
0x000000000a488000 	/System/Library/Frameworks/Carbon.framework/Versions/A/Frameworks/SecurityHI.framework/Versions/A/SecurityHI
0x000000010c1ba000 	/Library/Java/JavaVirtualMachines/jdk1.8.0_144.jdk/Contents/Home/jre/lib/libprism_es2.dylib
0x000000000a488000 	/System/Library/PrivateFrameworks/CoreServicesInternal.framework/Versions/A/CoreServicesInternal
0x000000000a488000 	/System/Library/Frameworks/OpenGL.framework/Versions/A/Resources/GLEngine.bundle/GLEngine
0x000000000a488000 	/System/Library/Frameworks/OpenGL.framework/Versions/A/Libraries/libGLProgrammability.dylib
0x000000000a488000 	/System/Library/Extensions/AppleIntelBDWGraphicsGLDriver.bundle/Contents/MacOS/AppleIntelBDWGraphicsGLDriver
0x000000000a488000 	/System/Library/PrivateFrameworks/GPUSupport.framework/Versions/A/Libraries/libGPUSupportMercury.dylib
0x000000000a488000 	/System/Library/Frameworks/OpenGL.framework/Versions/A/Resources/GLRendererFloat.bundle/GLRendererFloat
0x000000000a488000 	/System/Library/Frameworks/OpenCL.framework/Versions/A/Libraries/libcldcpuengine.dylib
0x000000000a488000 	/usr/lib/libcrypto.35.dylib
0x000000000a488000 	/System/Library/PrivateFrameworks/TrustEvaluationAgent.framework/Versions/A/TrustEvaluationAgent
0x000000011bb1d000 	/Library/Java/JavaVirtualMachines/jdk1.8.0_144.jdk/Contents/Home/jre/lib/libglass.dylib
0x000000000a488000 	/System/Library/CoreServices/RawCamera.bundle/Contents/MacOS/RawCamera
0x000000000a488000 	/System/Library/PrivateFrameworks/MobileAsset.framework/Versions/A/MobileAsset
0x000000000a488000 	/System/Library/PrivateFrameworks/StreamingZip.framework/Versions/A/StreamingZip
0x000000000a488000 	/System/Library/Frameworks/MediaToolbox.framework/Versions/A/MediaToolbox
0x000000000a488000 	/System/Library/PrivateFrameworks/CoreAVCHD.framework/Versions/A/CoreAVCHD
0x000000000a488000 	/System/Library/Frameworks/MediaAccessibility.framework/Versions/A/MediaAccessibility
0x000000000a488000 	/System/Library/PrivateFrameworks/Mangrove.framework/Versions/A/Mangrove
0x000000000a488000 	/System/Library/Frameworks/CoreMedia.framework/Versions/A/CoreMedia
0x000000000a488000 	/System/Library/Frameworks/VideoToolbox.framework/Versions/A/VideoToolbox
0x000000000a488000 	/System/Library/PrivateFrameworks/CoreAUC.framework/Versions/A/CoreAUC
0x000000000a488000 	/usr/lib/libspindump.dylib
0x000000000a488000 	/System/Library/PrivateFrameworks/AppleVA.framework/Versions/A/AppleVA
0x000000000a488000 	/System/Library/Frameworks/Accelerate.framework/Versions/A/Frameworks/vImage.framework/Versions/A/Libraries/libCGInterfaces.dylib
0x000000000a488000 	/System/Library/PrivateFrameworks/FamilyControls.framework/Versions/A/FamilyControls
0x000000000a488000 	/System/Library/PrivateFrameworks/CommerceKit.framework/Versions/A/Frameworks/CommerceCore.framework/Versions/A/CommerceCore
0x000000000a488000 	/System/Library/PrivateFrameworks/SystemAdministration.framework/Versions/A/SystemAdministration
0x000000000a488000 	/System/Library/PrivateFrameworks/AppContainer.framework/Versions/A/AppContainer
0x000000000a488000 	/System/Library/PrivateFrameworks/AppSandbox.framework/Versions/A/AppSandbox
0x000000000a488000 	/System/Library/PrivateFrameworks/SecCodeWrapper.framework/Versions/A/SecCodeWrapper
0x000000000a488000 	/usr/lib/libsandbox.1.dylib
0x000000000a488000 	/usr/lib/libMatch.1.dylib
0x000000000a488000 	/System/Library/PrivateFrameworks/DiskManagement.framework/Versions/A/DiskManagement
0x000000000a488000 	/System/Library/Frameworks/DirectoryService.framework/Versions/A/DirectoryService
0x000000000a488000 	/System/Library/PrivateFrameworks/DiskImages.framework/Versions/A/DiskImages
0x000000000a488000 	/System/Library/PrivateFrameworks/LoginUIKit.framework/Versions/A/Frameworks/LoginUICore.framework/Versions/A/LoginUICore
0x000000000a488000 	/usr/lib/libCoreStorage.dylib
0x000000000a488000 	/usr/lib/libcsfde.dylib
0x000000000a488000 	/usr/lib/libodfde.dylib
0x000000000a488000 	/System/Library/PrivateFrameworks/MediaKit.framework/Versions/A/MediaKit
0x000000000a488000 	/System/Library/Frameworks/DiscRecording.framework/Versions/A/DiscRecording
0x000000000a488000 	/System/Library/PrivateFrameworks/EFILogin.framework/Versions/A/EFILogin
0x000000000a488000 	/System/Library/PrivateFrameworks/ProtectedCloudStorage.framework/Versions/A/ProtectedCloudStorage
0x000000000a488000 	/usr/lib/libcurl.4.dylib
0x000000000a488000 	/usr/lib/libcrypto.42.dylib
0x000000000a488000 	/usr/lib/libssl.44.dylib
0x000000000a488000 	/System/Library/Frameworks/LDAP.framework/Versions/A/LDAP
0x000000000a488000 	/usr/lib/libsasl2.2.dylib
0x000000000a488000 	/System/Library/PrivateFrameworks/CoreDaemon.framework/Versions/B/CoreDaemon
0x000000000a488000 	/System/Library/PrivateFrameworks/AppleSRP.framework/Versions/A/AppleSRP
0x000000000a488000 	/System/Library/PrivateFrameworks/ViewBridge.framework/Versions/A/ViewBridge
0x000000000a488000 	/System/Library/Frameworks/ApplicationServices.framework/Versions/A/Frameworks/ATS.framework/Versions/A/Resources/libTrueTypeScaler.dylib
0x000000000a488000 	/System/Library/Extensions/AppleIntelBDWGraphicsMTLDriver.bundle/Contents/MacOS/AppleIntelBDWGraphicsMTLDriver
0x000000000a488000 	/System/Library/PrivateFrameworks/GPUCompiler.framework/Versions/3902/Libraries/libmetal_timestamp.dylib
0x000000011f382000 	/Library/Java/JavaVirtualMachines/jdk1.8.0_144.jdk/Contents/Home/jre/lib/libjavafx_font.dylib
0x000000011f78a000 	/Library/Java/JavaVirtualMachines/jdk1.8.0_144.jdk/Contents/Home/jre/lib/libjavafx_iio.dylib
0x000000011f88b000 	/usr/lib/libobjc-trampolines.dylib
0x00000001202e6000 	/Library/Java/JavaVirtualMachines/jdk1.8.0_144.jdk/Contents/Home/jre/lib/libprism_common.dylib
0x000000000a488000 	/System/Library/PrivateFrameworks/login.framework/Versions/A/login
0x00000001216b8000 	/Library/Java/JavaVirtualMachines/jdk1.8.0_144.jdk/Contents/Home/jre/lib/libnet.dylib
0x000000011feb6000 	/Library/Java/JavaVirtualMachines/jdk1.8.0_144.jdk/Contents/Home/jre/lib/libawt.dylib
0x000000011ff5e000 	/Library/Java/JavaVirtualMachines/jdk1.8.0_144.jdk/Contents/Home/jre/lib/./libmlib_image.dylib
0x0000000120316000 	/Library/Java/JavaVirtualMachines/jdk1.8.0_144.jdk/Contents/Home/jre/lib/libawt_lwawt.dylib
0x000000011fdde000 	/Library/Java/JavaVirtualMachines/jdk1.8.0_144.jdk/Contents/Home/jre/lib/./libosxapp.dylib
0x000000000a488000 	/System/Library/Frameworks/ExceptionHandling.framework/Versions/A/ExceptionHandling

VM Arguments:
jvm_args: -Dfile.encoding=UTF-8 
java_command: controller.Main
java_class_path (initial): /Library/Java/JavaVirtualMachines/jdk1.8.0_144.jdk/Contents/Home/jre/lib/resources.jar:/Library/Java/JavaVirtualMachines/jdk1.8.0_144.jdk/Contents/Home/jre/lib/rt.jar:/Library/Java/JavaVirtualMachines/jdk1.8.0_144.jdk/Contents/Home/jre/lib/jsse.jar:/Library/Java/JavaVirtualMachines/jdk1.8.0_144.jdk/Contents/Home/jre/lib/jce.jar:/Library/Java/JavaVirtualMachines/jdk1.8.0_144.jdk/Contents/Home/jre/lib/charsets.jar:/Library/Java/JavaVirtualMachines/jdk1.8.0_144.jdk/Contents/Home/jre/lib/jfr.jar:/Library/Java/JavaVirtualMachines/jdk1.8.0_144.jdk/Contents/Home/jre/lib/ext/sunec.jar:/Library/Java/JavaVirtualMachines/jdk1.8.0_144.jdk/Contents/Home/jre/lib/ext/nashorn.jar:/Library/Java/JavaVirtualMachines/jdk1.8.0_144.jdk/Contents/Home/jre/lib/ext/cldrdata.jar:/Library/Java/JavaVirtualMachines/jdk1.8.0_144.jdk/Contents/Home/jre/lib/ext/jfxrt.jar:/Library/Java/JavaVirtualMachines/jdk1.8.0_144.jdk/Contents/Home/jre/lib/ext/dnsns.jar:/Library/Java/JavaVirtualMachines/jdk1.8.0_144.jdk/Contents/Home/jre/lib/ext/localedata.jar:/Library/Java/JavaVirtualMachines/jdk1.8.0_144.jdk/Contents/Home/jre/lib/ext/sunjce_provider.jar:/Library/Java/JavaVirtualMachines/jdk1.8.0_144.jdk/Contents/Home/jre/lib/ext/sunpkcs11.jar:/Library/Java/JavaVirtualMachines/jdk1.8.0_144.jdk/Contents/Home/jre/lib/ext/jaccess.jar:/Library/Java/JavaVirtualMachines/jdk1.8.0_144.jdk/Contents/Home/jre/lib/ext/zipfs.jar:/System/Library/Java/Extensions/MRJToolkit.jar:/Users/Rambo/Desktop/Linkedin_App_Admin/bin
Launcher Type: SUN_STANDARD

Environment Variables:
PATH=/usr/bin:/bin:/usr/sbin:/sbin
SHELL=/bin/bash

Signal Handlers:
SIGSEGV: [libjvm.dylib+0x5b26e5], sa_mask[0]=11111111011111110111111111111111, sa_flags=SA_ONSTACK|SA_RESTART|SA_SIGINFO
SIGBUS: [libjvm.dylib+0x5b26e5], sa_mask[0]=11111111011111110111111111111111, sa_flags=SA_RESTART|SA_SIGINFO
SIGFPE: [libjvm.dylib+0x489100], sa_mask[0]=11111111011111110111111111111111, sa_flags=SA_RESTART|SA_SIGINFO
SIGPIPE: [libjvm.dylib+0x489100], sa_mask[0]=11111111011111110111111111111111, sa_flags=SA_RESTART|SA_SIGINFO
SIGXFSZ: [libjvm.dylib+0x489100], sa_mask[0]=11111111011111110111111111111111, sa_flags=SA_RESTART|SA_SIGINFO
SIGILL: [libjvm.dylib+0x489100], sa_mask[0]=11111111011111110111111111111111, sa_flags=SA_RESTART|SA_SIGINFO
SIGUSR1: SIG_DFL, sa_mask[0]=00000000000000000000000000000000, sa_flags=none
SIGUSR2: [libjvm.dylib+0x488c1e], sa_mask[0]=00100000000000000000000000000000, sa_flags=SA_RESTART|SA_SIGINFO
SIGHUP: [libjvm.dylib+0x4871f5], sa_mask[0]=11111111011111110111111111111111, sa_flags=SA_RESTART|SA_SIGINFO
SIGINT: [libjvm.dylib+0x4871f5], sa_mask[0]=11111111011111110111111111111111, sa_flags=SA_RESTART|SA_SIGINFO
SIGTERM: [libjvm.dylib+0x4871f5], sa_mask[0]=11111111011111110111111111111111, sa_flags=SA_RESTART|SA_SIGINFO
SIGQUIT: [libjvm.dylib+0x4871f5], sa_mask[0]=11111111011111110111111111111111, sa_flags=SA_RESTART|SA_SIGINFO


---------------  S Y S T E M  ---------------

OS:Bsduname:Darwin 18.2.0 Darwin Kernel Version 18.2.0: Fri Oct  5 19:41:49 PDT 2018; root:xnu-4903.221.2~2/RELEASE_X86_64 x86_64
rlimit: STACK 8192k, CORE 0k, NPROC 709, NOFILE 10240, AS infinity
load average:1.96 2.04 2.15

CPU:total 4 (initial active 4) (2 cores per cpu, 2 threads per core) family 6 model 61 stepping 4, cmov, cx8, fxsr, mmx, sse, sse2, sse3, ssse3, sse4.1, sse4.2, popcnt, avx, avx2, aes, clmul, erms, 3dnowpref, lzcnt, ht, tsc, tscinvbit, bmi1, bmi2, adx

Memory: 4k page, physical 8388608k(39532k free)

/proc/meminfo:


vm_info: Java HotSpot(TM) 64-Bit Server VM (25.144-b01) for bsd-amd64 JRE (1.8.0_144-b01), built on Jul 21 2017 22:07:42 by "java_re" with gcc 4.2.1 (Based on Apple Inc. build 5658) (LLVM build 2336.11.00)

time: Thu Nov 29 13:35:46 2018
elapsed time: 122 seconds (0d 0h 2m 2s)

